<?xml version="1.0" encoding="UTF-8"?>
<!-- Generated by org.testng.reporters.JUnitReportReporter -->
<testsuite hostname="NODE1291" name="cucumberOptions.TestRunner" tests="1" failures="0" timestamp="9 Apr 2020 14:43:37 GMT" time="42.406" errors="0">
  <testcase name="feature" time="42.406" classname="cucumberOptions.TestRunner"/>
</testsuite> <!-- cucumberOptions.TestRunner -->
