<?xml version="1.0" encoding="UTF-8"?>
<!-- Generated by org.testng.reporters.JUnitReportReporter -->
<testsuite hostname="NODE1291" name="cucumberOptions.TestRunner" tests="1" failures="0" timestamp="20 Apr 2020 10:32:09 GMT" time="42.205" errors="0">
  <testcase name="feature" time="42.205" classname="cucumberOptions.TestRunner"/>
</testsuite> <!-- cucumberOptions.TestRunner -->
